New install.
Date: 17-11-24 02:20:55
Location: /data/data/com.termux/files/usr/lib/fpc4all

FPC update at: 17-11-24 02:20:55
FPC symbolic name: 8a6f2b5c
FPC URL: git@github.com:PTz0uAH/fpc4all.git/
FPC previous rev/hash: 8a6f2b5c
FPC new GIT hash: 8a6f2b5c

FPC update at: 17-11-24 04:49:31
FPC symbolic name: 05e0f8ac
FPC URL: git@github.com:PTz0uAH/fpc4all.git/
FPC previous rev/hash: 05e0f8ac
FPC new GIT hash: 05e0f8ac

FPC update at: 17-11-24 07:01:59
FPC symbolic name: 1bb79509
FPC URL: git@github.com:PTz0uAH/fpc4all.git/
FPC previous rev/hash: 1bb79509
FPC new GIT hash: 1bb79509

FPC update at: 17-11-24 07:22:20
FPC symbolic name: 2d8fff96
FPC URL: git@github.com:PTz0uAH/fpc4all.git/
FPC previous rev/hash: 2d8fff96
FPC new GIT hash: 2d8fff96

FPC update at: 17-11-24 20:57:32
FPC symbolic name: 03a303af
FPC URL: git@github.com:PTz0uAH/fpc4all.git/
FPC previous rev/hash: 03a303af
FPC new GIT hash: 03a303af

Lazarus update at: 17-11-24 21:06:03
Lazarus symbolic name: 03a303af
Lazarus URL: git@github.com:PTz0uAH/fpc4all.git/
Lazarus previous rev/hash: 03a303af
Lazarus new GIT hash: 03a303af

Lazarus update at: 17-11-24 21:26:12
Lazarus symbolic name: 73b67e7c
Lazarus URL: git@github.com:PTz0uAH/fpc4all.git/
Lazarus previous rev/hash: 73b67e7c
Lazarus new GIT hash: 73b67e7c

